1712906417: mosquitto version 2.0.18 starting
1712906417: Config loaded from /mosquitto/config/mosquitto.conf.
1712906417: Opening ipv4 listen socket on port 1883.
1712906417: mosquitto version 2.0.18 running
1712906464: New connection from 10.89.0.2:47112 on port 1883.
1712906464: New client connected from 10.89.0.2:47112 as camel-paho42467736018541 (p2, c1, k60).
1712906518: Client camel-paho42467736018541 disconnected.
1712908217: Saving in-memory database to /mosquitto/data//mosquitto.db.
1712908217: Warning: File /mosquitto/data//mosquitto.db.new owner is not mosquitto. Future versions will refuse to load this file.To fix this, use `chown mosquitto /mosquitto/data//mosquitto.db.new`.
1712908217: Warning: File /mosquitto/data//mosquitto.db.new group is not mosquitto. Future versions will refuse to load this file.
1712910018: Saving in-memory database to /mosquitto/data//mosquitto.db.
1712910018: Warning: File /mosquitto/data//mosquitto.db.new owner is not mosquitto. Future versions will refuse to load this file.To fix this, use `chown mosquitto /mosquitto/data//mosquitto.db.new`.
1712910018: Warning: File /mosquitto/data//mosquitto.db.new group is not mosquitto. Future versions will refuse to load this file.
1712911027: New connection from 10.89.0.2:56846 on port 1883.
1712911028: New client connected from 10.89.0.2:56846 as camel-paho47031074944916 (p2, c1, k60).
1712911098: Client camel-paho47031074944916 disconnected.
1712911123: New connection from 10.89.0.2:44138 on port 1883.
1712911123: New client connected from 10.89.0.2:44138 as camel-paho47126421383500 (p2, c1, k60).
1712911143: Client camel-paho47126421383500 disconnected.
1712911819: Saving in-memory database to /mosquitto/data//mosquitto.db.
1712911819: Warning: File /mosquitto/data//mosquitto.db.new owner is not mosquitto. Future versions will refuse to load this file.To fix this, use `chown mosquitto /mosquitto/data//mosquitto.db.new`.
1712911819: Warning: File /mosquitto/data//mosquitto.db.new group is not mosquitto. Future versions will refuse to load this file.
1712913620: Saving in-memory database to /mosquitto/data//mosquitto.db.
1712913620: Warning: File /mosquitto/data//mosquitto.db.new owner is not mosquitto. Future versions will refuse to load this file.To fix this, use `chown mosquitto /mosquitto/data//mosquitto.db.new`.
1712913620: Warning: File /mosquitto/data//mosquitto.db.new group is not mosquitto. Future versions will refuse to load this file.
1712915421: Saving in-memory database to /mosquitto/data//mosquitto.db.
1712915421: Warning: File /mosquitto/data//mosquitto.db.new owner is not mosquitto. Future versions will refuse to load this file.To fix this, use `chown mosquitto /mosquitto/data//mosquitto.db.new`.
1712915421: Warning: File /mosquitto/data//mosquitto.db.new group is not mosquitto. Future versions will refuse to load this file.
1712917222: Saving in-memory database to /mosquitto/data//mosquitto.db.
1712917222: Warning: File /mosquitto/data//mosquitto.db.new owner is not mosquitto. Future versions will refuse to load this file.To fix this, use `chown mosquitto /mosquitto/data//mosquitto.db.new`.
1712917222: Warning: File /mosquitto/data//mosquitto.db.new group is not mosquitto. Future versions will refuse to load this file.
1712919023: Saving in-memory database to /mosquitto/data//mosquitto.db.
1712919023: Warning: File /mosquitto/data//mosquitto.db.new owner is not mosquitto. Future versions will refuse to load this file.To fix this, use `chown mosquitto /mosquitto/data//mosquitto.db.new`.
1712919023: Warning: File /mosquitto/data//mosquitto.db.new group is not mosquitto. Future versions will refuse to load this file.
1712920825: Saving in-memory database to /mosquitto/data//mosquitto.db.
1712920825: Warning: File /mosquitto/data//mosquitto.db.new owner is not mosquitto. Future versions will refuse to load this file.To fix this, use `chown mosquitto /mosquitto/data//mosquitto.db.new`.
1712920825: Warning: File /mosquitto/data//mosquitto.db.new group is not mosquitto. Future versions will refuse to load this file.
1712922626: Saving in-memory database to /mosquitto/data//mosquitto.db.
1712922626: Warning: File /mosquitto/data//mosquitto.db.new owner is not mosquitto. Future versions will refuse to load this file.To fix this, use `chown mosquitto /mosquitto/data//mosquitto.db.new`.
1712922626: Warning: File /mosquitto/data//mosquitto.db.new group is not mosquitto. Future versions will refuse to load this file.
1712924426: Saving in-memory database to /mosquitto/data//mosquitto.db.
1712924426: Warning: File /mosquitto/data//mosquitto.db.new owner is not mosquitto. Future versions will refuse to load this file.To fix this, use `chown mosquitto /mosquitto/data//mosquitto.db.new`.
1712924426: Warning: File /mosquitto/data//mosquitto.db.new group is not mosquitto. Future versions will refuse to load this file.
1712926228: Saving in-memory database to /mosquitto/data//mosquitto.db.
1712926228: Warning: File /mosquitto/data//mosquitto.db.new owner is not mosquitto. Future versions will refuse to load this file.To fix this, use `chown mosquitto /mosquitto/data//mosquitto.db.new`.
1712926228: Warning: File /mosquitto/data//mosquitto.db.new group is not mosquitto. Future versions will refuse to load this file.
1712928028: Saving in-memory database to /mosquitto/data//mosquitto.db.
1712928028: Warning: File /mosquitto/data//mosquitto.db.new owner is not mosquitto. Future versions will refuse to load this file.To fix this, use `chown mosquitto /mosquitto/data//mosquitto.db.new`.
1712928028: Warning: File /mosquitto/data//mosquitto.db.new group is not mosquitto. Future versions will refuse to load this file.
1712929296: mosquitto version 2.0.18 terminating
1712929296: Saving in-memory database to /mosquitto/data//mosquitto.db.
1712929296: Warning: File /mosquitto/data//mosquitto.db.new owner is not mosquitto. Future versions will refuse to load this file.To fix this, use `chown mosquitto /mosquitto/data//mosquitto.db.new`.
1712929296: Warning: File /mosquitto/data//mosquitto.db.new group is not mosquitto. Future versions will refuse to load this file.
